Compiling the CXX compiler identification source file "CMakeCXXCompilerId.cpp" failed.
Compiler: /usr/local/compiler/clang+llvm-14.0.0-x86_64-apple-darwin/bin/clang++ 
Build flags: 
Id flags:  

The output was:
1
ld: library not found for -lc++
clang-14: error: linker command failed with exit code 1 (use -v to see invocation)


Compiling the C compiler identification source file "CMakeCCompilerId.c" failed.
Compiler: /usr/local/compiler/clang+llvm-14.0.0-x86_64-apple-darwin/bin/clang 
Build flags: 
Id flags:  

The output was:
1
ld: library not found for -lSystem
clang-14: error: linker command failed with exit code 1 (use -v to see invocation)


Performing C SOURCE FILE Test C_SUPPORTS_FNO_SEMANTIC_INTERPOSITION failed with the following output:
Change Dir: /Users/stumpos/code/bm_new/beanmachine/src/beanmachine/ppl/compiler/paic/mlir/cmake-build-debug/CMakeFiles/CMakeTmp

Run Build Command(s):/Applications/CLion.app/Contents/bin/ninja/mac/ninja cmTC_176cf && [1/2] Building C object CMakeFiles/cmTC_176cf.dir/src.c.o
FAILED: CMakeFiles/cmTC_176cf.dir/src.c.o 
/usr/local/compiler/clang+llvm-14.0.0-x86_64-apple-darwin/bin/clang -DC_SUPPORTS_FNO_SEMANTIC_INTERPOSITION  -fPIC  -isysroot /Applications/Xcode_13.3.0_rc1_fb.app/Contents/Developer/Platforms/MacOSX.platform/Developer/SDKs/MacOSX12.3.sdk   -Werror -fno-semantic-interposition -MD -MT CMakeFiles/cmTC_176cf.dir/src.c.o -MF CMakeFiles/cmTC_176cf.dir/src.c.o.d -o CMakeFiles/cmTC_176cf.dir/src.c.o -c /Users/stumpos/code/bm_new/beanmachine/src/beanmachine/ppl/compiler/paic/mlir/cmake-build-debug/CMakeFiles/CMakeTmp/src.c
clang-14: error: argument unused during compilation: '-fno-semantic-interposition' [-Werror,-Wunused-command-line-argument]
ninja: build stopped: subcommand failed.


Source file was:
int main(void) { return 0; }
Performing C++ SOURCE FILE Test CXX_SUPPORTS_FNO_SEMANTIC_INTERPOSITION failed with the following output:
Change Dir: /Users/stumpos/code/bm_new/beanmachine/src/beanmachine/ppl/compiler/paic/mlir/cmake-build-debug/CMakeFiles/CMakeTmp

Run Build Command(s):/Applications/CLion.app/Contents/bin/ninja/mac/ninja cmTC_94dac && [1/2] Building CXX object CMakeFiles/cmTC_94dac.dir/src.cxx.o
FAILED: CMakeFiles/cmTC_94dac.dir/src.cxx.o 
/usr/local/compiler/clang+llvm-14.0.0-x86_64-apple-darwin/bin/clang++ -DCXX_SUPPORTS_FNO_SEMANTIC_INTERPOSITION  -fPIC  -isysroot /Applications/Xcode_13.3.0_rc1_fb.app/Contents/Developer/Platforms/MacOSX.platform/Developer/SDKs/MacOSX12.3.sdk   -Werror -fno-semantic-interposition -MD -MT CMakeFiles/cmTC_94dac.dir/src.cxx.o -MF CMakeFiles/cmTC_94dac.dir/src.cxx.o.d -o CMakeFiles/cmTC_94dac.dir/src.cxx.o -c /Users/stumpos/code/bm_new/beanmachine/src/beanmachine/ppl/compiler/paic/mlir/cmake-build-debug/CMakeFiles/CMakeTmp/src.cxx
clang-14: error: argument unused during compilation: '-fno-semantic-interposition' [-Werror,-Wunused-command-line-argument]
ninja: build stopped: subcommand failed.


Source file was:
int main() { return 0; }
Performing C++ SOURCE FILE Test CXX_SUPPORTS_CLASS_MEMACCESS_FLAG failed with the following output:
Change Dir: /Users/stumpos/code/bm_new/beanmachine/src/beanmachine/ppl/compiler/paic/mlir/cmake-build-debug/CMakeFiles/CMakeTmp

Run Build Command(s):/Applications/CLion.app/Contents/bin/ninja/mac/ninja cmTC_e7ceb && [1/2] Building CXX object CMakeFiles/cmTC_e7ceb.dir/src.cxx.o
warning: unknown warning option '-Wclass-memaccess'; did you mean '-Wclass-varargs'? [-Wunknown-warning-option]
1 warning generated.
[2/2] Linking CXX executable cmTC_e7ceb


Source file was:
int main() { return 0; }
Performing C++ SOURCE FILE Test LINKER_SUPPORTS_COLOR_DIAGNOSTICS failed with the following output:
Change Dir: /Users/stumpos/code/bm_new/beanmachine/src/beanmachine/ppl/compiler/paic/mlir/cmake-build-debug/CMakeFiles/CMakeTmp

Run Build Command(s):/Applications/CLion.app/Contents/bin/ninja/mac/ninja cmTC_ab7ee && [1/2] Building CXX object CMakeFiles/cmTC_ab7ee.dir/src.cxx.o
[2/2] Linking CXX executable cmTC_ab7ee
FAILED: cmTC_ab7ee 
: && /usr/local/compiler/clang+llvm-14.0.0-x86_64-apple-darwin/bin/clang++ -fPIC -fvisibility-inlines-hidden -Werror=date-time -Werror=unguarded-availability-new -Wall -Wextra -Wno-unused-parameter -Wwrite-strings -Wcast-qual -Wmissing-field-initializers -Wimplicit-fallthrough -Wcovered-switch-default -Wno-noexcept-type -Wnon-virtual-dtor -Wdelete-non-virtual-dtor -Wsuggest-override -Wstring-conversion -Wmisleading-indentation -fdiagnostics-color  -isysroot /Applications/Xcode_13.3.0_rc1_fb.app/Contents/Developer/Platforms/MacOSX.platform/Developer/SDKs/MacOSX12.3.sdk -Wl,-search_paths_first -Wl,-headerpad_max_install_names -Wl,--color-diagnostics CMakeFiles/cmTC_ab7ee.dir/src.cxx.o -o cmTC_ab7ee   && :
ld: unknown option: --color-diagnostics
clang-14: error: linker command failed with exit code 1 (use -v to see invocation)
ninja: build stopped: subcommand failed.


Source file was:
int main() { return 0; }
